<?xml version="1.0" encoding="UTF-8"?>
<!-- Generated by org.testng.reporters.JUnitReportReporter -->
<testsuite hostname="User-PC" name="com.vmetry.testcases.LoginPageTest" tests="4" failures="0" timestamp="8 Dec 2016 00:42:34 GMT" time="66.126" errors="0">
  <testcase name="testlogin" time="17.719" classname="com.vmetry.testcases.LoginPageTest"/>
  <testcase name="testlogin" time="20.509" classname="com.vmetry.testcases.LoginPageTest"/>
  <testcase name="testlogin" time="17.105" classname="com.vmetry.testcases.LoginPageTest"/>
  <testcase name="testlogin" time="10.793" classname="com.vmetry.testcases.LoginPageTest"/>
</testsuite> <!-- com.vmetry.testcases.LoginPageTest -->
